<?xml version="1.0" encoding="UTF-8"?>
<!-- Generated by org.testng.reporters.JUnitXMLReporter -->
<testsuite hostname="LAPTOP-F9EC64LI" ignored="7" name="Default test" tests="4" failures="0" timestamp="2021-10-28T21:41:35 CST" time="9.71" errors="0">
  <testcase name="reviewHomeExpertiseMenu" time="1.12" classname="RWSiteRbt.testng.NavigatingRwPagesTesting"/>
  <testcase name="reviewHomeExpertiseMenu" time="0.967" classname="RWSiteRbt.testng.NavigatingRwPagesTesting"/>
  <testcase name="reviewHomeExpertiseMenu" time="0.878" classname="RWSiteRbt.testng.NavigatingRwPagesTesting"/>
  <testcase name="reviewHomeExpertiseMenu" time="0.865" classname="RWSiteRbt.testng.NavigatingRwPagesTesting"/>
  <testcase name="scrollingFinancialPage" time="0.0" classname="RWSiteRbt.testng.NavigatingRwPagesTesting">
    <ignored/>
  </testcase> <!-- scrollingFinancialPage -->
  <testcase name="scrollingHomePage" time="0.0" classname="RWSiteRbt.testng.NavigatingRwPagesTesting">
    <ignored/>
  </testcase> <!-- scrollingHomePage -->
  <testcase name="scrollingHealthCarePage" time="0.0" classname="RWSiteRbt.testng.NavigatingRwPagesTesting">
    <ignored/>
  </testcase> <!-- scrollingHealthCarePage -->
  <testcase name="clickingClientsSayDots" time="0.0" classname="RWSiteRbt.testng.NavigatingRwPagesTesting">
    <ignored/>
  </testcase> <!-- clickingClientsSayDots -->
  <testcase name="scrollingCustomerEngagementSolutionPage" time="0.0" classname="RWSiteRbt.testng.NavigatingRwPagesTesting">
    <ignored/>
  </testcase> <!-- scrollingCustomerEngagementSolutionPage -->
  <testcase name="getinTouchPage" time="0.0" classname="RWSiteRbt.testng.NavigatingRwPagesTesting">
    <ignored/>
  </testcase> <!-- getinTouchPage -->
  <testcase name="scrollingOurApproachPage" time="0.0" classname="RWSiteRbt.testng.NavigatingRwPagesTesting">
    <ignored/>
  </testcase> <!-- scrollingOurApproachPage -->
</testsuite> <!-- Default test -->
