<?xml version="1.0" encoding="UTF-8"?>
<testng-results skipped="0" failed="0" ignored="7" total="11" passed="4">
  <reporter-output>
  </reporter-output>
  <suite name="Default suite" duration-ms="9710" started-at="2021-10-28T21:41:25 CST" finished-at="2021-10-28T21:41:35 CST">
    <groups>
    </groups>
    <test name="Default test" duration-ms="9710" started-at="2021-10-28T21:41:25 CST" finished-at="2021-10-28T21:41:35 CST">
      <class name="RWSiteRbt.testng.NavigatingRwPagesTesting">
        <test-method status="PASS" signature="ConfiguringBrowser()[pri:0, instance:RWSiteRbt.testng.NavigatingRwPagesTesting@467aecef]" name="ConfiguringBrowser" is-config="true" duration-ms="4977" started-at="2021-10-28T21:41:25 CST" finished-at="2021-10-28T21:41:30 CST">
          <reporter-output>
          </reporter-output>
        </test-method> <!-- ConfiguringBrowser -->
        <test-method status="PASS" signature="reviewHomeExpertiseMenu(int,java.lang.String)[pri:0, instance:RWSiteRbt.testng.NavigatingRwPagesTesting@467aecef]" name="reviewHomeExpertiseMenu" duration-ms="1120" started-at="2021-10-28T21:41:30 CST" data-provider="ExpertiseMenuOptions" finished-at="2021-10-28T21:41:31 CST">
          <params>
            <param index="0">
              <value>
                <![CDATA[1]]>
              </value>
            </param>
            <param index="1">
              <value>
                <![CDATA[https://rulesware.com/industries/healthcare/]]>
              </value>
            </param>
          </params>
          <reporter-output>
          </reporter-output>
        </test-method> <!-- reviewHomeExpertiseMenu -->
        <test-method status="PASS" signature="reviewHomeExpertiseMenu(int,java.lang.String)[pri:0, instance:RWSiteRbt.testng.NavigatingRwPagesTesting@467aecef]" name="reviewHomeExpertiseMenu" duration-ms="967" started-at="2021-10-28T21:41:31 CST" data-provider="ExpertiseMenuOptions" finished-at="2021-10-28T21:41:32 CST">
          <params>
            <param index="0">
              <value>
                <![CDATA[2]]>
              </value>
            </param>
            <param index="1">
              <value>
                <![CDATA[https://rulesware.com/industries/financial/]]>
              </value>
            </param>
          </params>
          <reporter-output>
          </reporter-output>
        </test-method> <!-- reviewHomeExpertiseMenu -->
        <test-method status="PASS" signature="reviewHomeExpertiseMenu(int,java.lang.String)[pri:0, instance:RWSiteRbt.testng.NavigatingRwPagesTesting@467aecef]" name="reviewHomeExpertiseMenu" duration-ms="878" started-at="2021-10-28T21:41:32 CST" data-provider="ExpertiseMenuOptions" finished-at="2021-10-28T21:41:33 CST">
          <params>
            <param index="0">
              <value>
                <![CDATA[3]]>
              </value>
            </param>
            <param index="1">
              <value>
                <![CDATA[https://rulesware.com/landing-page-customer-decision-hub-cdh/]]>
              </value>
            </param>
          </params>
          <reporter-output>
          </reporter-output>
        </test-method> <!-- reviewHomeExpertiseMenu -->
        <test-method status="PASS" signature="reviewHomeExpertiseMenu(int,java.lang.String)[pri:0, instance:RWSiteRbt.testng.NavigatingRwPagesTesting@467aecef]" name="reviewHomeExpertiseMenu" duration-ms="865" started-at="2021-10-28T21:41:33 CST" data-provider="ExpertiseMenuOptions" finished-at="2021-10-28T21:41:34 CST">
          <params>
            <param index="0">
              <value>
                <![CDATA[4]]>
              </value>
            </param>
            <param index="1">
              <value>
                <![CDATA[https://rulesware.com/services/]]>
              </value>
            </param>
          </params>
          <reporter-output>
          </reporter-output>
        </test-method> <!-- reviewHomeExpertiseMenu -->
        <test-method status="PASS" signature="CloseBrowser()[pri:0, instance:RWSiteRbt.testng.NavigatingRwPagesTesting@467aecef]" name="CloseBrowser" is-config="true" duration-ms="836" started-at="2021-10-28T21:41:34 CST" finished-at="2021-10-28T21:41:35 CST">
          <reporter-output>
          </reporter-output>
        </test-method> <!-- CloseBrowser -->
      </class> <!-- RWSiteRbt.testng.NavigatingRwPagesTesting -->
    </test> <!-- Default test -->
  </suite> <!-- Default suite -->
</testng-results>
