<?xml version="1.0" encoding="UTF-8"?>
<testng-results skipped="0" failed="0" ignored="0" total="1" passed="1">
  <reporter-output>
  </reporter-output>
  <suite name="Default suite" duration-ms="6951" started-at="2021-10-29T17:03:46 CST" finished-at="2021-10-29T17:03:53 CST">
    <groups>
    </groups>
    <test name="Default test" duration-ms="6951" started-at="2021-10-29T17:03:46 CST" finished-at="2021-10-29T17:03:53 CST">
      <class name="RWSiteRbt.testng.TestingCareersPage">
        <test-method status="PASS" signature="ConfiguringBrowser()[pri:0, instance:RWSiteRbt.testng.TestingCareersPage@86be70a]" name="ConfiguringBrowser" is-config="true" duration-ms="4410" started-at="2021-10-29T17:03:46 CST" finished-at="2021-10-29T17:03:51 CST">
          <reporter-output>
          </reporter-output>
        </test-method> <!-- ConfiguringBrowser -->
        <test-method status="PASS" signature="applyingRwJobs()[pri:0, instance:RWSiteRbt.testng.TestingCareersPage@86be70a]" name="applyingRwJobs" duration-ms="1769" started-at="2021-10-29T17:03:51 CST" finished-at="2021-10-29T17:03:52 CST">
          <reporter-output>
          </reporter-output>
        </test-method> <!-- applyingRwJobs -->
        <test-method status="PASS" signature="CloseBrowser()[pri:0, instance:RWSiteRbt.testng.TestingCareersPage@86be70a]" name="CloseBrowser" is-config="true" duration-ms="734" started-at="2021-10-29T17:03:52 CST" finished-at="2021-10-29T17:03:53 CST">
          <reporter-output>
          </reporter-output>
        </test-method> <!-- CloseBrowser -->
      </class> <!-- RWSiteRbt.testng.TestingCareersPage -->
    </test> <!-- Default test -->
  </suite> <!-- Default suite -->
</testng-results>
